::1 - - [12/Nov/2020:12:32:34 +0000] "GET / HTTP/1.1" 200 3 "-" "PostmanRuntime/7.26.3"
::1 - - [12/Nov/2020:12:33:04 +0000] "GET / HTTP/1.1" - - "-" "PostmanRuntime/7.26.3"
::1 - - [12/Nov/2020:12:33:49 +0000] "GET / HTTP/1.1" - - "-" "PostmanRuntime/7.26.3"
::1 - - [12/Nov/2020:12:33:57 +0000] "GET /log HTTP/1.1" - - "-" "PostmanRuntime/7.26.3"
::1 - - [12/Nov/2020:12:34:05 +0000] "GET /log HTTP/1.1" 200 4 "-" "PostmanRuntime/7.26.3"
::1 - - [12/Nov/2020:12:35:09 +0000] "GET /log HTTP/1.1" 200 2 "-" "PostmanRuntime/7.26.3"
::1 - - [12/Nov/2020:12:35:19 +0000] "GET /lo HTTP/1.1" 404 141 "-" "PostmanRuntime/7.26.3"
::1 - - [12/Nov/2020:12:35:46 +0000] "GET /lo HTTP/1.1" 200 19 "-" "PostmanRuntime/7.26.3"
::1 - - [12/Nov/2020:12:35:53 +0000] "GET /log HTTP/1.1" 200 2 "-" "PostmanRuntime/7.26.3"
::1 - - [12/Nov/2020:12:36:04 +0000] "GET /log HTTP/1.1" 200 2 "-" "PostmanRuntime/7.26.3"
::1 - - [12/Nov/2020:12:38:33 +0000] "GET /log HTTP/1.1" 200 2 "-" "PostmanRuntime/7.26.3"
::1 - - [12/Nov/2020:12:38:38 +0000] "GET /lo HTTP/1.1" 404 15 "-" "PostmanRuntime/7.26.3"
::1 - - [12/Nov/2020:12:38:59 +0000] "GET /lo HTTP/1.1" 404 15 "-" "PostmanRuntime/7.26.3"
::1 - - [12/Nov/2020:12:55:26 +0000] "GET /lo HTTP/1.1" 404 15 "-" "PostmanRuntime/7.26.3"
::1 - - [12/Nov/2020:12:55:28 +0000] "GET /losd HTTP/1.1" 404 15 "-" "PostmanRuntime/7.26.3"
::1 - - [12/Nov/2020:12:55:33 +0000] "GET /djfgvljidfv HTTP/1.1" 404 15 "-" "PostmanRuntime/7.26.3"
::1 - - [12/Nov/2020:12:55:36 +0000] "GET /re HTTP/1.1" 404 15 "-" "PostmanRuntime/7.26.3"
::1 - - [12/Nov/2020:12:55:38 +0000] "GET /resd HTTP/1.1" 404 15 "-" "PostmanRuntime/7.26.3"
::1 - - [12/Nov/2020:12:55:41 +0000] "GET /resdsdsd HTTP/1.1" 404 15 "-" "PostmanRuntime/7.26.3"
::1 - - [12/Nov/2020:12:55:44 +0000] "GET /resdsdsd%20sdfjvblfv HTTP/1.1" 404 15 "-" "PostmanRuntime/7.26.3"
::1 - - [12/Nov/2020:12:55:46 +0000] "GET /resdsdsd%20sdfjvblfv%20liashbviulasfv HTTP/1.1" 404 15 "-" "PostmanRuntime/7.26.3"
::1 - - [12/Nov/2020:12:55:47 +0000] "GET /resdsdsd%20sdfjvblfv%20liashbviulasfvijlsfvbluiafvb HTTP/1.1" 404 15 "-" "PostmanRuntime/7.26.3"
::1 - - [12/Nov/2020:12:55:48 +0000] "GET /resdsdsd%20sdfjvblfv%20liashbviulasfvijlsfvbluiafvbakfvblafk HTTP/1.1" 404 15 "-" "PostmanRuntime/7.26.3"
::1 - - [12/Nov/2020:12:55:49 +0000] "GET /resdsdsd%20sdfjvblfv%20liashbviulasfvijlsfvbluiafvbakfvblafklisafvi HTTP/1.1" 404 15 "-" "PostmanRuntime/7.26.3"
::1 - - [12/Nov/2020:12:55:50 +0000] "GET /resdsdsd%20sdfjvblfv%20liashbviulasfvijlsfvbluiafvbakfvblafklisafviskfjvn;afb HTTP/1.1" 404 15 "-" "PostmanRuntime/7.26.3"
::1 - - [12/Nov/2020:12:56:06 +0000] "GET /close HTTP/1.1" 404 15 "-" "PostmanRuntime/7.26.3"
::1 - - [12/Nov/2020:13:51:54 +0000] "POST /api/auth/register HTTP/1.1" 400 3 "-" "PostmanRuntime/7.26.3"
::1 - - [12/Nov/2020:13:52:13 +0000] "POST /api/auth/register HTTP/1.1" 400 3 "-" "PostmanRuntime/7.26.3"
::1 - - [12/Nov/2020:13:52:38 +0000] "POST /api/auth/register HTTP/1.1" 200 2 "-" "PostmanRuntime/7.26.3"
::1 - - [12/Nov/2020:13:52:41 +0000] "POST /api/auth/register HTTP/1.1" 400 3 "-" "PostmanRuntime/7.26.3"
::1 - - [12/Nov/2020:13:53:30 +0000] "POST /api/auth/register HTTP/1.1" 400 3 "-" "PostmanRuntime/7.26.3"
::1 - - [12/Nov/2020:13:55:43 +0000] "POST /api/auth/register HTTP/1.1" 200 2 "-" "PostmanRuntime/7.26.3"
::1 - - [12/Nov/2020:13:56:12 +0000] "POST /api/auth/register HTTP/1.1" 400 3 "-" "PostmanRuntime/7.26.3"
::1 - - [12/Nov/2020:13:57:44 +0000] "POST /api/auth/register HTTP/1.1" 200 2 "-" "PostmanRuntime/7.26.3"
::1 - - [12/Nov/2020:13:57:46 +0000] "POST /api/auth/register HTTP/1.1" 400 3 "-" "PostmanRuntime/7.26.3"
::1 - - [12/Nov/2020:13:57:50 +0000] "POST /api/auth/registerl HTTP/1.1" 404 15 "-" "PostmanRuntime/7.26.3"
::1 - - [12/Nov/2020:13:57:54 +0000] "POST /api/auth/register HTTP/1.1" 400 3 "-" "PostmanRuntime/7.26.3"
::1 - - [12/Nov/2020:13:58:01 +0000] "PUT /api/auth/register HTTP/1.1" 404 15 "-" "PostmanRuntime/7.26.3"
::1 - - [12/Nov/2020:13:58:07 +0000] "POST /api/auth/register HTTP/1.1" 400 3 "-" "PostmanRuntime/7.26.3"
::ffff:127.0.0.1 - - [16/Nov/2020:20:47:27 +0000] "POST /api/auth/register HTTP/1.1" 200 13 "http://localhost:3000/register" "Mozilla/5.0 (X11; Ubuntu; Linux x86_64; rv:82.0) Gecko/20100101 Firefox/82.0"
::ffff:127.0.0.1 - - [16/Nov/2020:20:53:15 +0000] "POST /api/auth/register HTTP/1.1" 200 13 "http://localhost:3000/register" "Mozilla/5.0 (X11; Ubuntu; Linux x86_64; rv:82.0) Gecko/20100101 Firefox/82.0"
